<?xml version="1.0" encoding="UTF-8"?>
<testsuites name="jest tests" tests="1" failures="0" errors="0" time="3.224">
  <testsuite name="MovieState" errors="0" failures="0" skipped="0" timestamp="2022-04-28T03:47:06" time="1.701" tests="1">
    <testcase classname="MovieState should add movies successfully" name="MovieState should add movies successfully" time="0.024">
    </testcase>
  </testsuite>
</testsuites>