<?xml version="1.0" encoding="UTF-8"?>
<testsuites name="jest tests" tests="1" failures="0" errors="0" time="2.105">
  <testsuite name="HomePage" errors="0" failures="0" skipped="0" timestamp="2022-04-26T11:39:24" time="1.535" tests="1">
    <testcase classname="HomePage should create" name="HomePage should create" time="0.301">
    </testcase>
  </testsuite>
</testsuites>